<?xml version="1.0" encoding="UTF-8"?>
<!-- Generated by org.testng.reporters.JUnitXMLReporter -->
<testsuite ignored="0" hostname="DESKTOP-MD6G5O7" failures="0" tests="6" name="Test" time="0.133" errors="0" timestamp="2020-03-24T16:13:09 IST">
  <testcase classname="TestNG.Parallel1" name="testcase3" time="0.015"/>
  <testcase classname="TestNG.Parallel1" name="testcase1" time="0.017"/>
  <testcase classname="TestNG.Parallel2" name="testcase4" time="0.014"/>
  <testcase classname="TestNG.Parallel1" name="testcase2" time="0.017"/>
  <testcase classname="TestNG.Parallel2" name="testcase5" time="0.004"/>
  <testcase classname="TestNG.Parallel2" name="testcase6" time="0.01"/>
</testsuite> <!-- Test -->
